This is pdfTeX, Version 3.1415926-2.5-1.40.14 (TeX Live 2013/Debian) (format=latex 2014.10.21)  12 JAN 2015 22:19
entering extended mode
 restricted \write18 enabled.
 %&-line parsing enabled.
**L3SPIE2015.tex
(./L3SPIE2015.tex
LaTeX2e <2011/06/27>
Babel <3.9h> and hyphenation patterns for 2 languages loaded.
(./spie.cls
Document Class: spie 2008/01/19 v3.3 SPIE Proceedings class
(/usr/share/texlive/texmf-dist/tex/latex/base/article.cls
Document Class: article 2007/10/19 v1.4h Standard LaTeX document class
(/usr/share/texlive/texmf-dist/tex/latex/base/size10.clo
File: size10.clo 2007/10/19 v1.4h Standard LaTeX file (size option)
)
\c@part=\count79
\c@section=\count80
\c@subsection=\count81
\c@subsubsection=\count82
\c@paragraph=\count83
\c@subparagraph=\count84
\c@figure=\count85
\c@table=\count86
\abovecaptionskip=\skip41
\belowcaptionskip=\skip42
\bibindent=\dimen102
)
ten-point font
(./ifthen.sty
Package: ifthen 2001/05/26 v1.1c Standard LaTeX ifthen package (DPC)
) (./cite.sty
LaTeX Info: Redefining \cite on input line 285.
LaTeX Info: Redefining \nocite on input line 356.
Package: cite 2009/08/29  v 5.2
LaTeX Info: Redefining \cite on input line 437.
)
\c@theorem=\count87
)
(/usr/share/texlive/texmf-dist/tex/latex/graphics/graphicx.sty
Package: graphicx 1999/02/16 v1.0f Enhanced LaTeX Graphics (DPC,SPQR)

(/usr/share/texlive/texmf-dist/tex/latex/graphics/keyval.sty
Package: keyval 1999/03/16 v1.13 key=value parser (DPC)
\KV@toks@=\toks14
)
(/usr/share/texlive/texmf-dist/tex/latex/graphics/graphics.sty
Package: graphics 2009/02/05 v1.0o Standard LaTeX Graphics (DPC,SPQR)

(/usr/share/texlive/texmf-dist/tex/latex/graphics/trig.sty
Package: trig 1999/03/16 v1.09 sin cos tan (DPC)
)
(/usr/share/texlive/texmf-dist/tex/latex/latexconfig/graphics.cfg
File: graphics.cfg 2010/04/23 v1.9 graphics configuration of TeX Live
)
Package graphics Info: Driver file: dvips.def on input line 91.

(/usr/share/texlive/texmf-dist/tex/latex/graphics/dvips.def
File: dvips.def 1999/02/16 v3.0i Driver-dependant file (DPC,SPQR)
))
\Gin@req@height=\dimen103
\Gin@req@width=\dimen104
)
(/usr/share/texlive/texmf-dist/tex/latex/url/url.sty
\Urlmuskip=\muskip10
Package: url 2013/09/16  ver 3.4  Verb mode for urls, etc.
)
(/usr/share/texlive/texmf-dist/tex/latex/amsmath/amsmath.sty
Package: amsmath 2013/01/14 v2.14 AMS math features
\@mathmargin=\skip43

For additional information on amsmath, use the `?' option.
(/usr/share/texlive/texmf-dist/tex/latex/amsmath/amstext.sty
Package: amstext 2000/06/29 v2.01

(/usr/share/texlive/texmf-dist/tex/latex/amsmath/amsgen.sty
File: amsgen.sty 1999/11/30 v2.0
\@emptytoks=\toks15
\ex@=\dimen105
))
(/usr/share/texlive/texmf-dist/tex/latex/amsmath/amsbsy.sty
Package: amsbsy 1999/11/29 v1.2d
\pmbraise@=\dimen106
)
(/usr/share/texlive/texmf-dist/tex/latex/amsmath/amsopn.sty
Package: amsopn 1999/12/14 v2.01 operator names
)
\inf@bad=\count88
LaTeX Info: Redefining \frac on input line 210.
\uproot@=\count89
\leftroot@=\count90
LaTeX Info: Redefining \overline on input line 306.
\classnum@=\count91
\DOTSCASE@=\count92
LaTeX Info: Redefining \ldots on input line 378.
LaTeX Info: Redefining \dots on input line 381.
LaTeX Info: Redefining \cdots on input line 466.
\Mathstrutbox@=\box26
\strutbox@=\box27
\big@size=\dimen107
LaTeX Font Info:    Redeclaring font encoding OML on input line 566.
LaTeX Font Info:    Redeclaring font encoding OMS on input line 567.
\macc@depth=\count93
\c@MaxMatrixCols=\count94
\dotsspace@=\muskip11
\c@parentequation=\count95
\dspbrk@lvl=\count96
\tag@help=\toks16
\row@=\count97
\column@=\count98
\maxfields@=\count99
\andhelp@=\toks17
\eqnshift@=\dimen108
\alignsep@=\dimen109
\tagshift@=\dimen110
\tagwidth@=\dimen111
\totwidth@=\dimen112
\lineht@=\dimen113
\@envbody=\toks18
\multlinegap=\skip44
\multlinetaggap=\skip45
\mathdisplay@stack=\toks19
LaTeX Info: Redefining \[ on input line 2665.
LaTeX Info: Redefining \] on input line 2666.
)
(/usr/share/texlive/texmf-dist/tex/latex/caption/subcaption.sty
Package: subcaption 2013/02/03 v1.1-62 Sub-captions (AR)

(/usr/share/texlive/texmf-dist/tex/latex/caption/caption.sty
Package: caption 2013/05/02 v3.3-89 Customizing captions (AR)

(/usr/share/texlive/texmf-dist/tex/latex/caption/caption3.sty
Package: caption3 2013/05/02 v1.6-88 caption3 kernel (AR)
Package caption3 Info: TeX engine: e-TeX on input line 57.
\captionmargin=\dimen114
\captionmargin@=\dimen115
\captionwidth=\dimen116
\caption@tempdima=\dimen117
\caption@indent=\dimen118
\caption@parindent=\dimen119
\caption@hangindent=\dimen120
Package caption Info: Unknown document class (or package),
(caption)             standard defaults will be used.
)

Package caption Warning: Unsupported document class (or package) detected,
(caption)                usage of the caption package is not recommended.
See the caption package documentation for explanation.

Package caption Info: \@makecaption = \long macro:#1#2->\vskip \abovecaptionski
p \sbox \@tempboxa {{\footnotesize #1.\ }{\footnotesize #2}}\ifdim \wd \@tempbo
xa >\hsize {\footnotesize #1.\ }{\footnotesize #2 \par } \else \global \@minipa
gefalse \hb@xt@ \hsize {\hfil \box \@tempboxa \hfil }\fi \vskip \belowcaptionsk
ip .
\c@ContinuedFloat=\count100
)
\c@subfigure=\count101
\c@subtable=\count102
) (./L3SPIE2015.aux

LaTeX Warning: Label `fig:filters' multiply defined.


LaTeX Warning: Label `fig:colorStatisticsPlot' multiply defined.

)
\openout1 = `L3SPIE2015.aux'.

LaTeX Font Info:    Checking defaults for OML/cmm/m/it on input line 21.
LaTeX Font Info:    ... okay on input line 21.
LaTeX Font Info:    Checking defaults for T1/cmr/m/n on input line 21.
LaTeX Font Info:    ... okay on input line 21.
LaTeX Font Info:    Checking defaults for OT1/cmr/m/n on input line 21.
LaTeX Font Info:    ... okay on input line 21.
LaTeX Font Info:    Checking defaults for OMS/cmsy/m/n on input line 21.
LaTeX Font Info:    ... okay on input line 21.
LaTeX Font Info:    Checking defaults for OMX/cmex/m/n on input line 21.
LaTeX Font Info:    ... okay on input line 21.
LaTeX Font Info:    Checking defaults for U/cmr/m/n on input line 21.
LaTeX Font Info:    ... okay on input line 21.
Package caption Info: Begin \AtBeginDocument code.
Package caption Info: End \AtBeginDocument code.

cmr-font_in_spiecls
10pt
File: illuminant_processing.eps Graphic file (type eps)
<illuminant_processing.eps> [1

] [2]
Missing character: There is no Î in font cmr10!
Missing character: There is no ” in font cmr10!
Missing character: There is no Î in font cmr10!
Missing character: There is no • in font cmr10!
File: natureBasedChart.eps Graphic file (type eps)
 <natureBasedChart.eps>
File: FaceId.eps Graphic file (type eps)
 <FaceId.eps>
File: VeggieId.eps Graphic file (type eps)

<VeggieId.eps>
File: FaceTunXI.eps Graphic file (type eps)
 <FaceTunXI.eps>
File: VeggieTunXI.eps Graphic file (type eps)
 <VeggieTunXI.eps>
File: FaceTunSI.eps Graphic file (type eps)
 <FaceTunSI.eps>
File: VeggieTunSI.eps Graphic file (type eps)

<VeggieTunSI.eps>
File: FaceId.eps Graphic file (type eps)
 <FaceId.eps>
File: VeggieId.eps Graphic file (type eps)
 <VeggieId.eps>
File: FaceFluXI.eps Graphic file (type eps)
 <FaceFluXI.eps>
File: VeggieFluXI.eps Graphic file (type eps)

<VeggieFluXI.eps>
File: FaceFluSI.eps Graphic file (type eps)
 <FaceFluSI.eps>
File: VeggieFluSI.eps Graphic file (type eps)
 <VeggieFluSI.eps> [3] [4]
Missing character: There is no Î in font cmr10!
Missing character: There is no ” in font cmr10!
Missing character: There is no Î in font cmr10!
Missing character: There is no ” in font cmr10!
File: Hist_XI.eps Graphic file (type eps)
 <Hist_XI.eps>
File: DeltaE_XI.eps Graphic file (type eps)

<DeltaE_XI.eps>
File: Hist_Tun.eps Graphic file (type eps)
 <Hist_Tun.eps>
File: DeltaE_Tun.eps Graphic file (type eps)
 <DeltaE_Tun.eps>
File: Hist_D65.eps Graphic file (type eps)
 <Hist_D65.eps>
File: DeltaE_D65.eps Graphic file (type eps)

<DeltaE_D65.eps>
Missing character: There is no Î in font cmr10!
Missing character: There is no ” in font cmr10!
Missing character: There is no Î in font cmr10!
Missing character: There is no ” in font cmr10!
File: color_Statistics_r.eps Graphic file (type eps)
 <color_Statistics_r.eps>
File: color_Statistics_g.eps Graphic file (type eps)
 <color_Statistics_g.eps>
File: color_Statistics_b.eps Graphic file (type eps)

<color_Statistics_b.eps> [5] [6] [7] (./L3SPIE2015.aux)

LaTeX Warning: There were multiply-defined labels.

 ) 
Here is how much of TeX's memory you used:
 2571 strings out of 495029
 36863 string characters out of 6181522
 110213 words of memory out of 5000000
 5772 multiletter control sequences out of 15000+600000
 13321 words of font info for 47 fonts, out of 8000000 for 9000
 14 hyphenation exceptions out of 8191
 42i,11n,40p,1728b,477s stack positions out of 5000i,500n,10000p,200000b,80000s

Output written on L3SPIE2015.dvi (7 pages, 25624 bytes).
